<?xml version="1.0" encoding="UTF-8"?>
<testng-results ignored="0" total="1" passed="1" failed="0" skipped="0">
  <reporter-output>
  </reporter-output>
  <suite started-at="2018-08-05T01:55:40Z" name="Default suite" finished-at="2018-08-05T01:56:09Z" duration-ms="28472">
    <groups>
    </groups>
    <test started-at="2018-08-05T01:55:40Z" name="Default test" finished-at="2018-08-05T01:56:09Z" duration-ms="28472">
      <class name="testcases.TC001">
        <test-method signature="testcase1()[pri:0, instance:testcases.TC001@4c39bec8]" started-at="2018-08-05T07:25:40Z" name="testcase1" finished-at="2018-08-05T07:26:09Z" duration-ms="28443" status="PASS">
          <reporter-output>
          </reporter-output>
        </test-method> <!-- testcase1 -->
      </class> <!-- testcases.TC001 -->
    </test> <!-- Default test -->
  </suite> <!-- Default suite -->
</testng-results>
